0 info it worked if it ends with ok
1 verbose cli [ '/usr/local/bin/node', '/usr/local/bin/npm', 'install' ]
2 info using npm@2.14.2
3 info using node@v4.0.0
4 verbose config Skipping project config: /Users/thomasgoldenberg/.npmrc. (matches userconfig)
5 verbose readDependencies loading dependencies from /Users/thomasgoldenberg/package.json
6 error install Couldn't read dependencies
7 verbose stack Error: ENOENT: no such file or directory, open '/Users/thomasgoldenberg/package.json'
7 verbose stack     at Error (native)
8 verbose cwd /Users/thomasgoldenberg/Desktop/meteor/meteor-chat
9 error Darwin 14.5.0
10 error argv "/usr/local/bin/node" "/usr/local/bin/npm" "install"
11 error node v4.0.0
12 error npm  v2.14.2
13 error path /Users/thomasgoldenberg/package.json
14 error code ENOPACKAGEJSON
15 error errno -2
16 error syscall open
17 error package.json ENOENT: no such file or directory, open '/Users/thomasgoldenberg/package.json'
17 error package.json This is most likely not a problem with npm itself.
17 error package.json npm can't find a package.json file in your current directory.
18 verbose exit [ -2, true ]
